Build started 22/01/2014 00:41:25.
     1>Project "F:\OpenGL\OpenGL Attempt1\OpenGL Attempt1\OpenGL Attempt1.vcxproj" on node 2 (build target(s)).
     1>InitializeBuildStatus:
         Creating "Debug\OpenGL Attempt1.unsuccessfulbuild" because "AlwaysCreate" was specified.
       ClCompile:
         F:\Program Crap\Microsoft Visual Studio 10.0\VC\bin\CL.exe /c /I"F:\Program Crap\Microsoft SDKs\Windows\v7.1\Include\gl" /I"F:\OpenGL\glfw-3.0.4.bin.WIN32\include" /ZI /nologo /W3 /WX- /Od /Oy- /D WIN32 /D _DEBUG /D _CONSOLE /D _UNICODE /D UNICODE /Gm /EHsc /RTC1 /MDd /GS /fp:precise /Zc:wchar_t /Zc:forScope /Fo"Debug\\" /Fd"Debug\vc100.pdb" /Gd /TP /analyze- /errorReport:prompt main.cpp
         main.cpp
     1>f:\opengl\opengl attempt1\opengl attempt1\main.cpp(44): warning C4244: 'argument' : conversion from 'double' to 'GLfloat', possible loss of data
     1>f:\opengl\opengl attempt1\opengl attempt1\main.cpp(44): warning C4244: 'argument' : conversion from 'double' to 'GLfloat', possible loss of data
     1>f:\opengl\opengl attempt1\opengl attempt1\main.cpp(46): warning C4244: 'argument' : conversion from 'double' to 'GLfloat', possible loss of data
     1>f:\opengl\opengl attempt1\opengl attempt1\main.cpp(46): warning C4244: 'argument' : conversion from 'double' to 'GLfloat', possible loss of data
     1>f:\opengl\opengl attempt1\opengl attempt1\main.cpp(48): warning C4244: 'argument' : conversion from 'double' to 'GLfloat', possible loss of data
     1>f:\opengl\opengl attempt1\opengl attempt1\main.cpp(48): warning C4244: 'argument' : conversion from 'double' to 'GLfloat', possible loss of data
     1>f:\opengl\opengl attempt1\opengl attempt1\main.cpp(50): warning C4244: 'argument' : conversion from 'double' to 'GLfloat', possible loss of data
     1>f:\opengl\opengl attempt1\opengl attempt1\main.cpp(50): warning C4244: 'argument' : conversion from 'double' to 'GLfloat', possible loss of data
       ManifestResourceCompile:
         All outputs are up-to-date.
       Link:
         F:\Program Crap\Microsoft Visual Studio 10.0\VC\bin\link.exe /ERRORREPORT:PROMPT /OUT:"F:\OpenGL\OpenGL Attempt1\Debug\OpenGL Attempt1.exe" /INCREMENTAL /NOLOGO /LIBPATH:"F:\Program Crap\Microsoft SDKs\Windows\v7.1\Lib" /LIBPATH:F:\OpenGL\glfw\src\Debug glfw3.lib OpenGL32.lib kernel32.lib user32.lib gdi32.lib winspool.lib comdlg32.lib advapi32.lib shell32.lib ole32.lib oleaut32.lib uuid.lib odbc32.lib odbccp32.lib /MANIFEST /ManifestFile:"Debug\OpenGL Attempt1.exe.intermediate.manifest" /MANIFESTUAC:"level='asInvoker' uiAccess='false'" /DEBUG /PDB:"F:\OpenGL\OpenGL Attempt1\Debug\OpenGL Attempt1.pdb" /SUBSYSTEM:CONSOLE /TLBID:1 /DYNAMICBASE /NXCOMPAT /IMPLIB:"F:\OpenGL\OpenGL Attempt1\Debug\OpenGL Attempt1.lib" /MACHINE:X86 "Debug\OpenGL Attempt1.exe.embed.manifest.res"
         Debug\main.obj
       Manifest:
         C:\Program Files (x86)\Microsoft SDKs\Windows\v7.0A\bin\mt.exe /nologo /verbose /out:"Debug\OpenGL Attempt1.exe.embed.manifest" /manifest "Debug\OpenGL Attempt1.exe.intermediate.manifest"
         All outputs are up-to-date.
       LinkEmbedManifest:
         All outputs are up-to-date.
         OpenGL Attempt1.vcxproj -> F:\OpenGL\OpenGL Attempt1\Debug\OpenGL Attempt1.exe
       FinalizeBuildStatus:
         Deleting file "Debug\OpenGL Attempt1.unsuccessfulbuild".
         Touching "Debug\OpenGL Attempt1.lastbuildstate".
     1>Done Building Project "F:\OpenGL\OpenGL Attempt1\OpenGL Attempt1\OpenGL Attempt1.vcxproj" (build target(s)).

Build succeeded.

Time Elapsed 00:00:00.48
